 ******** M1QN3 Output file ************
06/21/2021     15:53:23
 *****************************************
 -------------------------------------------------------------------------------
 M1QN3 Copyright (C) 2008, J. Ch. Gilbert, Cl. Lemarechal.
 -------------------------------------------------------------------------------
 This program comes with ABSOLUTELY NO WARRANTY. This is free software, and you
 are welcome to redistribute it under certain conditions. See the file COPYING 
 in the root directory of the M1QN3 distribution for details.
 -------------------------------------------------------------------------------

 M1QN3 (Version 3.3, October 2009): entry point
     dimension of the problem (n):         61652
     absolute precision on x (dxmin):          1.00D-10
     expected decrease for f (df1):            6.28D+09
     relative precision on g (epsg):           1.00D-06 (dfn-norm)
     maximal number of iterations (niter):   300
     maximal number of simulations (nsim):   300
     printing level (impres):                  5
     reverse communication

 m1qn3: Scalar Initial Scaling mode

     allocated memory (ndz) :  2651066
     used memory :             2651056
     number of updates :            20
     (y,s) pairs are stored in core memory

 m1qn3: cold start

     f             =  1.25519234D+10
     dfn-norm of g =  1.30265799D+09

 m1qn3a: descent direction -g: precon =  0.740D-08

 -------------------------------------------------------------------------------

 m1qn3: iter 1, simul 1, f= 1.25519234D+10, h'(0)=-1.25519D+10

 m1qn3: line search

     mlis3       fpn=-1.255D+10 d2= 9.28D+01  tmin= 2.79D-11 tmax= 1.00D+20
     mlis3     1.000D+00 -4.799D+09 -5.511D+08

 m1qn3: matrix update:
     Oren-Spedicato factor =  0.757D-08

 m1qn3: stopping criterion on g:  1.48054D-01

 m1qn3: descent direction d: angle(-g,d) =   7.0 degrees

 -------------------------------------------------------------------------------

 m1qn3: iter 2, simul 2, f= 7.75266675D+09, h'(0)=-3.06283D+08

 m1qn3: line search

     mlis3       fpn=-3.063D+08 d2= 2.56D+00  tmin= 1.55D-10 tmax= 1.00D+20
