 ******** M1QN3 Output file ************
06/04/2021     00:41:01
 *****************************************
 -------------------------------------------------------------------------------
 M1QN3 Copyright (C) 2008, J. Ch. Gilbert, Cl. Lemarechal.
 -------------------------------------------------------------------------------
 This program comes with ABSOLUTELY NO WARRANTY. This is free software, and you
 are welcome to redistribute it under certain conditions. See the file COPYING 
 in the root directory of the M1QN3 distribution for details.
 -------------------------------------------------------------------------------

 M1QN3 (Version 3.3, October 2009): entry point
     dimension of the problem (n):         61652
     absolute precision on x (dxmin):          1.00D-10
     expected decrease for f (df1):            9.42D+09
     relative precision on g (epsg):           1.00D-06 (dfn-norm)
     maximal number of iterations (niter):   300
     maximal number of simulations (nsim):   300
     printing level (impres):                  5
     reverse communication

 m1qn3: Scalar Initial Scaling mode

     allocated memory (ndz) :  2651066
     used memory :             2651056
     number of updates :            20
     (y,s) pairs are stored in core memory

 m1qn3: cold start

     f             =  1.88319200D+10
     dfn-norm of g =  3.93532954D+08

 m1qn3a: descent direction -g: precon =  0.122D-06

 -------------------------------------------------------------------------------

 m1qn3: iter 1, simul 1, f= 1.88319200D+10, h'(0)=-1.88319D+10

 m1qn3: line search

     mlis3       fpn=-1.883D+10 d2= 2.29D+03  tmin= 3.55D-11 tmax= 1.00D+20
     mlis3                                      1.000D+00  4.419D+09  3.451D+10
     mlis3     4.482D-01 -4.620D+09 -3.207D+08

 m1qn3: matrix update:
     Oren-Spedicato factor =  0.287D-07

 m1qn3: stopping criterion on g:  9.50581D-01

 m1qn3: descent direction d: angle(-g,d) =  44.0 degrees

 -------------------------------------------------------------------------------

 m1qn3: iter 2, simul 3, f= 1.42122667D+10, h'(0)=-4.15128D+09

 m1qn3: line search

     mlis3       fpn=-4.151D+09 d2= 2.38D+02  tmin= 1.30D-11 tmax= 1.00D+20
     mlis3     1.000D+00 -6.734D+08  6.936D+08

 m1qn3: convergence rate, s(k)/s(k-1) =  7.19299D-01

 m1qn3: matrix update:
     Oren-Spedicato factor =  0.322D-07

 m1qn3: stopping criterion on g:  7.86250D-01

 m1qn3: descent direction d: angle(-g,d) =  16.2 degrees

 -------------------------------------------------------------------------------

 m1qn3: iter 3, simul 4, f= 1.35388766D+10, h'(0)=-2.57971D+09

 m1qn3: line search

     mlis3       fpn=-2.580D+09 d2= 7.54D+01  tmin= 8.15D-11 tmax= 1.00D+20
     mlis3     1.000D+00 -1.231D+09 -4.390D+07

 m1qn3: convergence rate, s(k)/s(k-1) =  5.62833D-01

 m1qn3: matrix update:
     Oren-Spedicato factor =  0.709D-08

 m1qn3: stopping criterion on g:  1.29443D+00

 m1qn3: descent direction d: angle(-g,d) =  62.4 degrees

 -------------------------------------------------------------------------------

 m1qn3: iter 4, simul 5, f= 1.23081682D+10, h'(0)=-1.95461D+09

 m1qn3: line search

     mlis3       fpn=-1.955D+09 d2= 6.86D+01  tmin= 5.13D-11 tmax= 1.00D+20
     mlis3                                      1.000D+00  3.565D+09  8.999D+09
     mlis3     1.751D-01 -1.707D+08  1.226D+06

 m1qn3: convergence rate, s(k)/s(k-1) =  1.67019D-01

 m1qn3: matrix update:
     Oren-Spedicato factor =  0.104D-08

 m1qn3: stopping criterion on g:  3.94054D-01

 m1qn3: descent direction d: angle(-g,d) =  71.2 degrees

 -------------------------------------------------------------------------------

 m1qn3: iter 5, simul 7, f= 1.21374318D+10, h'(0)=-1.44378D+08

 m1qn3: line search

     mlis3       fpn=-1.444D+08 d2= 8.39D+00  tmin= 1.08D-10 tmax= 1.00D+20
     mlis3     1.000D+00 -1.215D+08 -9.938D+07

 m1qn3: convergence rate, s(k)/s(k-1) =  1.99695D+00

 m1qn3: matrix update:
     Oren-Spedicato factor =  0.167D-08

 m1qn3: stopping criterion on g:  3.01879D-01

 m1qn3: descent direction d: angle(-g,d) =  70.7 degrees

 -------------------------------------------------------------------------------

 m1qn3: iter 6, simul 8, f= 1.20158879D+10, h'(0)=-5.39287D+08

 m1qn3: line search

     mlis3       fpn=-5.393D+08 d2= 1.90D+02  tmin= 2.31D-11 tmax= 1.00D+20
     mlis3     1.000D+00 -7.213D+07  3.403D+08

 m1qn3: convergence rate, s(k)/s(k-1) =  4.75439D+00

 m1qn3: matrix update:
     Oren-Spedicato factor =  0.781D-09

 m1qn3: stopping criterion on g:  2.48209D+00

 m1qn3: descent direction d: angle(-g,d) =  77.8 degrees

 -------------------------------------------------------------------------------

 m1qn3: iter 7, simul 9, f= 1.19437550D+10, h'(0)=-3.79102D+08

 m1qn3: line search

     mlis3       fpn=-3.791D+08 d2= 3.36D+00  tmin= 2.12D-10 tmax= 1.00D+20
     mlis3     1.000D+00 -1.868D+08  5.328D+06

 m1qn3: convergence rate, s(k)/s(k-1) =  1.33166D-01

 m1qn3: matrix update:
     Oren-Spedicato factor =  0.372D-09

 m1qn3: stopping criterion on g:  4.36181D-01

 m1qn3: descent direction d: angle(-g,d) =  77.6 degrees

 -------------------------------------------------------------------------------

 m1qn3: iter 8, simul 10, f= 1.17569271D+10, h'(0)=-1.32715D+07

 m1qn3: line search

     mlis3       fpn=-1.327D+07 d2= 1.29D-01  tmin= 3.24D-09 tmax= 1.00D+20
     mlis3     1.000D+00 -9.316D+06 -5.363D+06

 m1qn3: convergence rate, s(k)/s(k-1) =  1.95972D-01

 m1qn3: matrix update:
     Oren-Spedicato factor =  0.377D-09

 m1qn3: stopping criterion on g:  2.20035D-01

 m1qn3: descent direction d: angle(-g,d) =  79.5 degrees

 -------------------------------------------------------------------------------

 m1qn3: iter 9, simul 11, f= 1.17476114D+10, h'(0)=-1.28333D+07

 m1qn3: line search

     mlis3       fpn=-1.283D+07 d2= 6.67D-01  tmin= 1.22D-09 tmax= 1.00D+20
     mlis3     1.000D+00 -1.055D+07 -8.278D+06

 m1qn3: convergence rate, s(k)/s(k-1) =  2.27327D+00

 m1qn3: matrix update:
     Oren-Spedicato factor =  0.548D-09

 m1qn3: stopping criterion on g:  2.91516D-01

 m1qn3: descent direction d: angle(-g,d) =  82.7 degrees

 -------------------------------------------------------------------------------

 m1qn3: iter 10, simul 12, f= 1.17370629D+10, h'(0)=-3.48901D+07

 m1qn3: line search

     mlis3       fpn=-3.489D+07 d2= 5.72D+00  tmin= 2.33D-10 tmax= 1.00D+20
     mlis3     1.000D+00 -2.608D+07 -1.733D+07

 m1qn3: convergence rate, s(k)/s(k-1) =  2.92756D+00

 m1qn3: matrix update:
     Oren-Spedicato factor =  0.107D-08

 m1qn3: stopping criterion on g:  5.32412D-01

 m1qn3: descent direction d: angle(-g,d) =  86.1 degrees

 -------------------------------------------------------------------------------

 m1qn3: iter 11, simul 13, f= 1.17109788D+10, h'(0)=-5.09753D+07

 m1qn3: line search

     mlis3       fpn=-5.098D+07 d2= 1.28D+01  tmin= 9.22D-11 tmax= 1.00D+20
     mlis3     1.000D+00 -4.112D+07 -3.132D+07

 m1qn3: convergence rate, s(k)/s(k-1) =  1.49618D+00

 m1qn3: matrix update:
     Oren-Spedicato factor =  0.237D-08

 m1qn3: stopping criterion on g:  7.22149D-01

 m1qn3: descent direction d: angle(-g,d) =  86.8 degrees

 -------------------------------------------------------------------------------

 m1qn3: iter 12, simul 14, f= 1.16698559D+10, h'(0)=-1.33167D+08

 m1qn3: line search

     mlis3       fpn=-1.332D+08 d2= 6.94D+01  tmin= 2.76D-11 tmax= 1.00D+20
     mlis3     1.000D+00 -9.996D+07 -6.826D+07

 m1qn3: convergence rate, s(k)/s(k-1) =  2.32826D+00

 m1qn3: matrix update:
     Oren-Spedicato factor =  0.403D-08

 m1qn3: stopping criterion on g:  9.97170D-01

 m1qn3: descent direction d: angle(-g,d) =  87.6 degrees

 -------------------------------------------------------------------------------

 m1qn3: iter 13, simul 15, f= 1.15698979D+10, h'(0)=-2.39526D+08

 m1qn3: line search

     mlis3       fpn=-2.395D+08 d2= 2.08D+02  tmin= 1.29D-11 tmax= 1.00D+20
     mlis3                                      1.000D+00  5.176D+07  3.372D+08
     mlis3     4.080D-01 -4.887D+07 -8.345D+05

 m1qn3: convergence rate, s(k)/s(k-1) =  7.07032D-01

 m1qn3: matrix update:
     Oren-Spedicato factor =  0.550D-09

 m1qn3: stopping criterion on g:  1.32421D+00

 m1qn3: descent direction d: angle(-g,d) =  88.1 degrees

 -------------------------------------------------------------------------------

 m1qn3: iter 14, simul 17, f= 1.15210274D+10, h'(0)=-1.78389D+08

 m1qn3: line search

     mlis3       fpn=-1.784D+08 d2= 1.02D+02  tmin= 1.68D-11 tmax= 1.00D+20
     mlis3     1.000D+00 -1.263D+08 -7.762D+07

 m1qn3: convergence rate, s(k)/s(k-1) =  1.71392D+00

 m1qn3: matrix update:
     Oren-Spedicato factor =  0.117D-08

 m1qn3: stopping criterion on g:  7.42342D-01

 m1qn3: descent direction d: angle(-g,d) =  87.2 degrees

 -------------------------------------------------------------------------------

 m1qn3: iter 15, simul 18, f= 1.13947058D+10, h'(0)=-1.24465D+08

 m1qn3: line search

     mlis3       fpn=-1.245D+08 d2= 7.49D+01  tmin= 1.68D-11 tmax= 1.00D+20
     mlis3     1.000D+00 -6.434D+07 -1.070D+07

 m1qn3: convergence rate, s(k)/s(k-1) =  8.57239D-01

 m1qn3: matrix update:
     Oren-Spedicato factor =  0.147D-08

 m1qn3: stopping criterion on g:  3.15695D-01

 m1qn3: descent direction d: angle(-g,d) =  84.4 degrees

 -------------------------------------------------------------------------------

 m1qn3: iter 16, simul 19, f= 1.13303679D+10, h'(0)=-3.93394D+07

 m1qn3: line search

     mlis3       fpn=-3.934D+07 d2= 1.06D+01  tmin= 8.42D-11 tmax= 1.00D+20
     mlis3     1.000D+00 -1.568D+07  8.318D+06

 m1qn3: convergence rate, s(k)/s(k-1) =  3.75993D-01

 m1qn3: matrix update:
     Oren-Spedicato factor =  0.731D-09

 m1qn3: stopping criterion on g:  4.19084D-01

 m1qn3: descent direction d: angle(-g,d) =  87.6 degrees

 -------------------------------------------------------------------------------

 m1qn3: iter 17, simul 20, f= 1.13146921D+10, h'(0)=-1.75971D+07

 m1qn3: line search

     mlis3       fpn=-1.760D+07 d2= 6.76D+00  tmin= 1.83D-10 tmax= 1.00D+20
     mlis3     1.000D+00 -1.175D+07 -5.825D+06

 m1qn3: convergence rate, s(k)/s(k-1) =  7.99363D-01

 m1qn3: matrix update:
     Oren-Spedicato factor =  0.767D-09

 m1qn3: stopping criterion on g:  2.04084D-01

 m1qn3: descent direction d: angle(-g,d) =  87.5 degrees

 -------------------------------------------------------------------------------

 m1qn3: iter 18, simul 21, f= 1.13029417D+10, h'(0)=-7.56766D+06

 m1qn3: line search

     mlis3       fpn=-7.568D+06 d2= 4.65D+00  tmin= 1.92D-10 tmax= 1.00D+20
     mlis3     1.000D+00 -5.192D+06 -2.772D+06

 m1qn3: convergence rate, s(k)/s(k-1) =  8.28688D-01

 m1qn3: matrix update:
     Oren-Spedicato factor =  0.131D-08

 m1qn3: stopping criterion on g:  1.66876D-01

 m1qn3: descent direction d: angle(-g,d) =  85.1 degrees

 -------------------------------------------------------------------------------

 m1qn3: iter 19, simul 22, f= 1.12977495D+10, h'(0)=-8.77241D+06

 m1qn3: line search

     mlis3       fpn=-8.772D+06 d2= 2.45D+00  tmin= 3.57D-10 tmax= 1.00D+20
     mlis3     1.000D+00 -7.173D+06 -5.547D+06

 m1qn3: convergence rate, s(k)/s(k-1) =  7.25841D-01

 m1qn3: matrix update:
     Oren-Spedicato factor =  0.122D-08

 m1qn3: stopping criterion on g:  2.03470D-01

 m1qn3: descent direction d: angle(-g,d) =  82.6 degrees

 -------------------------------------------------------------------------------

 m1qn3: iter 20, simul 23, f= 1.12905768D+10, h'(0)=-3.47496D+07

 m1qn3: line search

     mlis3       fpn=-3.475D+07 d2= 1.14D+01  tmin= 2.11D-10 tmax= 1.00D+20
     mlis3     1.000D+00 -2.567D+07 -1.621D+07

 m1qn3: convergence rate, s(k)/s(k-1) =  2.15630D+00

 m1qn3: matrix update:
     Oren-Spedicato factor =  0.176D-08

 m1qn3: stopping criterion on g:  3.62664D-01

 m1qn3: descent direction d: angle(-g,d) =  80.9 degrees

 -------------------------------------------------------------------------------

 m1qn3: iter 21, simul 24, f= 1.12649087D+10, h'(0)=-6.65308D+07

 m1qn3: line search

     mlis3       fpn=-6.653D+07 d2= 8.60D+00  tmin= 3.40D-10 tmax= 1.00D+20
     mlis3     1.000D+00 -4.998D+07 -3.301D+07

 m1qn3: convergence rate, s(k)/s(k-1) =  8.69500D-01

 m1qn3: matrix update:
     Oren-Spedicato factor =  0.171D-08

 m1qn3: stopping criterion on g:  6.07889D-01

 m1qn3: descent direction d: angle(-g,d) =  82.3 degrees

 -------------------------------------------------------------------------------

 m1qn3: iter 22, simul 25, f= 1.12149307D+10, h'(0)=-1.35201D+08

 m1qn3: line search

     mlis3       fpn=-1.352D+08 d2= 1.78D+01  tmin= 1.18D-10 tmax= 1.00D+20
     mlis3     1.000D+00 -9.400D+07 -5.392D+07

 m1qn3: convergence rate, s(k)/s(k-1) =  1.43690D+00

 m1qn3: matrix update:
     Oren-Spedicato factor =  0.441D-08

 m1qn3: stopping criterion on g:  7.33130D-01

 m1qn3: descent direction d: angle(-g,d) =  85.3 degrees

 -------------------------------------------------------------------------------

 m1qn3: iter 23, simul 26, f= 1.11209267D+10, h'(0)=-2.20284D+08

 m1qn3: line search

     mlis3       fpn=-2.203D+08 d2= 8.74D+01  tmin= 5.82D-11 tmax= 1.00D+20
     mlis3                                      1.000D+00  2.486D+07  2.630D+08
